2023-03-09 10:07:42.963  INFO 19740 --- [restartedMain] com.capg.campsite.CampsiteApplication    : Starting CampsiteApplication using Java 17.0.5 on INLEN8520075776 with PID 19740 (C:\Users\REVARSHI\Downloads\12345\Campsite\target\classes started by revarshi in C:\Users\REVARSHI\Downloads\12345\Campsite)
2023-03-09 10:07:42.978  INFO 19740 --- [restartedMain] com.capg.campsite.CampsiteApplication    : No active profile set, falling back to 1 default profile: "default"
2023-03-09 10:07:43.109  INFO 19740 --- [restartedMain] .e.DevToolsPropertyDefaultsPostProcessor : Devtools property defaults active! Set 'spring.devtools.add-properties' to 'false' to disable
2023-03-09 10:07:43.109  INFO 19740 --- [restartedMain] .e.DevToolsPropertyDefaultsPostProcessor : For additional web related logging consider setting the 'logging.level.web' property to 'DEBUG'
2023-03-09 10:07:44.417  INFO 19740 --- [restartedMain] .s.d.r.c.RepositoryConfigurationDelegate : Bootstrapping Spring Data JPA repositories in DEFAULT mode.
2023-03-09 10:07:44.532  INFO 19740 --- [restartedMain] .s.d.r.c.RepositoryConfigurationDelegate : Finished Spring Data repository scanning in 96 ms. Found 3 JPA repository interfaces.
2023-03-09 10:07:45.603  INFO 19740 --- [restartedMain] o.s.b.w.embedded.tomcat.TomcatWebServer  : Tomcat initialized with port(s): 8081 (http)
2023-03-09 10:07:45.617  INFO 19740 --- [restartedMain] o.apache.catalina.core.StandardService   : Starting service [Tomcat]
2023-03-09 10:07:45.618  INFO 19740 --- [restartedMain] org.apache.catalina.core.StandardEngine  : Starting Servlet engine: [Apache Tomcat/9.0.68]
2023-03-09 10:07:45.780  INFO 19740 --- [restartedMain] o.a.c.c.C.[Tomcat].[localhost].[/]       : Initializing Spring embedded WebApplicationContext
2023-03-09 10:07:45.780  INFO 19740 --- [restartedMain] w.s.c.ServletWebServerApplicationContext : Root WebApplicationContext: initialization completed in 2669 ms
2023-03-09 10:07:46.028  INFO 19740 --- [restartedMain] o.hibernate.jpa.internal.util.LogHelper  : HHH000204: Processing PersistenceUnitInfo [name: default]
2023-03-09 10:07:46.169  INFO 19740 --- [restartedMain] org.hibernate.Version                    : HHH000412: Hibernate ORM core version 5.6.12.Final
2023-03-09 10:07:46.417  INFO 19740 --- [restartedMain] o.hibernate.annotations.common.Version   : HCANN000001: Hibernate Commons Annotations {5.1.2.Final}
2023-03-09 10:07:46.593  INFO 19740 --- [restartedMain] com.zaxxer.hikari.HikariDataSource       : HikariPool-1 - Starting...
2023-03-09 10:07:46.829  INFO 19740 --- [restartedMain] com.zaxxer.hikari.HikariDataSource       : HikariPool-1 - Start completed.
2023-03-09 10:07:46.858  INFO 19740 --- [restartedMain] org.hibernate.dialect.Dialect            : HHH000400: Using dialect: org.hibernate.dialect.PostgreSQLDialect
2023-03-09 10:07:47.883  INFO 19740 --- [restartedMain] o.h.e.t.j.p.i.JtaPlatformInitiator       : HHH000490: Using JtaPlatform implementation: [org.hibernate.engine.transaction.jta.platform.internal.NoJtaPlatform]
2023-03-09 10:07:47.896  INFO 19740 --- [restartedMain] j.LocalContainerEntityManagerFactoryBean : Initialized JPA EntityManagerFactory for persistence unit 'default'
2023-03-09 10:07:48.893  WARN 19740 --- [restartedMain] JpaBaseConfiguration$JpaWebConfiguration : spring.jpa.open-in-view is enabled by default. Therefore, database queries may be performed during view rendering. Explicitly configure spring.jpa.open-in-view to disable this warning
2023-03-09 10:07:49.146  INFO 19740 --- [restartedMain] pertySourcedRequestMappingHandlerMapping : Mapped URL path [/v2/api-docs] onto method [springfox.documentation.swagger2.web.Swagger2Controller#getDocumentation(String, HttpServletRequest)]
2023-03-09 10:07:49.446  INFO 19740 --- [restartedMain] o.s.b.d.a.OptionalLiveReloadServer       : LiveReload server is running on port 35729
2023-03-09 10:07:49.802  INFO 19740 --- [restartedMain] o.s.b.w.embedded.tomcat.TomcatWebServer  : Tomcat started on port(s): 8081 (http) with context path ''
2023-03-09 10:07:49.805  INFO 19740 --- [restartedMain] d.s.w.p.DocumentationPluginsBootstrapper : Context refreshed
2023-03-09 10:07:49.835  INFO 19740 --- [restartedMain] d.s.w.p.DocumentationPluginsBootstrapper : Found 1 custom documentation plugin(s)
2023-03-09 10:07:49.888  INFO 19740 --- [restartedMain] s.d.s.w.s.ApiListingReferenceScanner     : Scanning for api listing references
2023-03-09 10:07:50.141  INFO 19740 --- [restartedMain] com.capg.campsite.CampsiteApplication    : Started CampsiteApplication in 7.974 seconds (JVM running for 9.055)
2023-03-09 10:11:41.768  INFO 9340 --- [restartedMain] com.capg.campsite.CampsiteApplication    : Starting CampsiteApplication using Java 17.0.5 on INLEN8520075776 with PID 9340 (C:\Users\REVARSHI\Downloads\12345\Campsite\target\classes started by revarshi in C:\Users\REVARSHI\Downloads\12345\Campsite)
2023-03-09 10:11:41.771  INFO 9340 --- [restartedMain] com.capg.campsite.CampsiteApplication    : No active profile set, falling back to 1 default profile: "default"
2023-03-09 10:11:41.847  INFO 9340 --- [restartedMain] .e.DevToolsPropertyDefaultsPostProcessor : Devtools property defaults active! Set 'spring.devtools.add-properties' to 'false' to disable
2023-03-09 10:11:41.848  INFO 9340 --- [restartedMain] .e.DevToolsPropertyDefaultsPostProcessor : For additional web related logging consider setting the 'logging.level.web' property to 'DEBUG'
2023-03-09 10:11:42.845  INFO 9340 --- [restartedMain] .s.d.r.c.RepositoryConfigurationDelegate : Bootstrapping Spring Data JPA repositories in DEFAULT mode.
2023-03-09 10:11:42.919  INFO 9340 --- [restartedMain] .s.d.r.c.RepositoryConfigurationDelegate : Finished Spring Data repository scanning in 64 ms. Found 3 JPA repository interfaces.
2023-03-09 10:11:43.959  INFO 9340 --- [restartedMain] o.s.b.w.embedded.tomcat.TomcatWebServer  : Tomcat initialized with port(s): 8081 (http)
2023-03-09 10:11:43.973  INFO 9340 --- [restartedMain] o.apache.catalina.core.StandardService   : Starting service [Tomcat]
2023-03-09 10:11:43.973  INFO 9340 --- [restartedMain] org.apache.catalina.core.StandardEngine  : Starting Servlet engine: [Apache Tomcat/9.0.68]
2023-03-09 10:11:44.096  INFO 9340 --- [restartedMain] o.a.c.c.C.[Tomcat].[localhost].[/]       : Initializing Spring embedded WebApplicationContext
2023-03-09 10:11:44.097  INFO 9340 --- [restartedMain] w.s.c.ServletWebServerApplicationContext : Root WebApplicationContext: initialization completed in 2249 ms
2023-03-09 10:11:44.283  INFO 9340 --- [restartedMain] o.hibernate.jpa.internal.util.LogHelper  : HHH000204: Processing PersistenceUnitInfo [name: default]
2023-03-09 10:11:44.355  INFO 9340 --- [restartedMain] org.hibernate.Version                    : HHH000412: Hibernate ORM core version 5.6.12.Final
2023-03-09 10:11:44.555  INFO 9340 --- [restartedMain] o.hibernate.annotations.common.Version   : HCANN000001: Hibernate Commons Annotations {5.1.2.Final}
2023-03-09 10:11:44.658  INFO 9340 --- [restartedMain] com.zaxxer.hikari.HikariDataSource       : HikariPool-1 - Starting...
2023-03-09 10:11:44.941  INFO 9340 --- [restartedMain] com.zaxxer.hikari.HikariDataSource       : HikariPool-1 - Start completed.
2023-03-09 10:11:44.958  INFO 9340 --- [restartedMain] org.hibernate.dialect.Dialect            : HHH000400: Using dialect: org.hibernate.dialect.PostgreSQLDialect
2023-03-09 10:11:45.879  INFO 9340 --- [restartedMain] o.h.e.t.j.p.i.JtaPlatformInitiator       : HHH000490: Using JtaPlatform implementation: [org.hibernate.engine.transaction.jta.platform.internal.NoJtaPlatform]
2023-03-09 10:11:45.897  INFO 9340 --- [restartedMain] j.LocalContainerEntityManagerFactoryBean : Initialized JPA EntityManagerFactory for persistence unit 'default'
2023-03-09 10:11:46.702  WARN 9340 --- [restartedMain] JpaBaseConfiguration$JpaWebConfiguration : spring.jpa.open-in-view is enabled by default. Therefore, database queries may be performed during view rendering. Explicitly configure spring.jpa.open-in-view to disable this warning
2023-03-09 10:11:46.883  INFO 9340 --- [restartedMain] pertySourcedRequestMappingHandlerMapping : Mapped URL path [/v2/api-docs] onto method [springfox.documentation.swagger2.web.Swagger2Controller#getDocumentation(String, HttpServletRequest)]
2023-03-09 10:11:47.041  INFO 9340 --- [restartedMain] o.s.b.d.a.OptionalLiveReloadServer       : LiveReload server is running on port 35729
2023-03-09 10:11:47.255  INFO 9340 --- [restartedMain] o.s.b.w.embedded.tomcat.TomcatWebServer  : Tomcat started on port(s): 8081 (http) with context path ''
2023-03-09 10:11:47.257  INFO 9340 --- [restartedMain] d.s.w.p.DocumentationPluginsBootstrapper : Context refreshed
2023-03-09 10:11:47.286  INFO 9340 --- [restartedMain] d.s.w.p.DocumentationPluginsBootstrapper : Found 1 custom documentation plugin(s)
2023-03-09 10:11:47.362  INFO 9340 --- [restartedMain] s.d.s.w.s.ApiListingReferenceScanner     : Scanning for api listing references
2023-03-09 10:11:47.662  INFO 9340 --- [restartedMain] com.capg.campsite.CampsiteApplication    : Started CampsiteApplication in 6.496 seconds (JVM running for 7.133)
2023-03-09 10:18:41.785  INFO 8968 --- [restartedMain] com.capg.campsite.CampsiteApplication    : Starting CampsiteApplication using Java 17.0.5 on INLEN8520075776 with PID 8968 (C:\Users\REVARSHI\Downloads\12345\Campsite\target\classes started by revarshi in C:\Users\REVARSHI\Downloads\12345\Campsite)
2023-03-09 10:18:41.788  INFO 8968 --- [restartedMain] com.capg.campsite.CampsiteApplication    : No active profile set, falling back to 1 default profile: "default"
2023-03-09 10:18:41.852  INFO 8968 --- [restartedMain] .e.DevToolsPropertyDefaultsPostProcessor : Devtools property defaults active! Set 'spring.devtools.add-properties' to 'false' to disable
2023-03-09 10:18:41.852  INFO 8968 --- [restartedMain] .e.DevToolsPropertyDefaultsPostProcessor : For additional web related logging consider setting the 'logging.level.web' property to 'DEBUG'
2023-03-09 10:18:42.865  INFO 8968 --- [restartedMain] .s.d.r.c.RepositoryConfigurationDelegate : Bootstrapping Spring Data JPA repositories in DEFAULT mode.
2023-03-09 10:18:42.941  INFO 8968 --- [restartedMain] .s.d.r.c.RepositoryConfigurationDelegate : Finished Spring Data repository scanning in 65 ms. Found 3 JPA repository interfaces.
2023-03-09 10:18:43.851  INFO 8968 --- [restartedMain] o.s.b.w.embedded.tomcat.TomcatWebServer  : Tomcat initialized with port(s): 8081 (http)
2023-03-09 10:18:43.866  INFO 8968 --- [restartedMain] o.apache.catalina.core.StandardService   : Starting service [Tomcat]
2023-03-09 10:18:43.867  INFO 8968 --- [restartedMain] org.apache.catalina.core.StandardEngine  : Starting Servlet engine: [Apache Tomcat/9.0.68]
2023-03-09 10:18:43.971  INFO 8968 --- [restartedMain] o.a.c.c.C.[Tomcat].[localhost].[/]       : Initializing Spring embedded WebApplicationContext
2023-03-09 10:18:43.972  INFO 8968 --- [restartedMain] w.s.c.ServletWebServerApplicationContext : Root WebApplicationContext: initialization completed in 2119 ms
2023-03-09 10:18:44.153  INFO 8968 --- [restartedMain] o.hibernate.jpa.internal.util.LogHelper  : HHH000204: Processing PersistenceUnitInfo [name: default]
2023-03-09 10:18:44.216  INFO 8968 --- [restartedMain] org.hibernate.Version                    : HHH000412: Hibernate ORM core version 5.6.12.Final
2023-03-09 10:18:44.394  INFO 8968 --- [restartedMain] o.hibernate.annotations.common.Version   : HCANN000001: Hibernate Commons Annotations {5.1.2.Final}
2023-03-09 10:18:44.507  INFO 8968 --- [restartedMain] com.zaxxer.hikari.HikariDataSource       : HikariPool-1 - Starting...
2023-03-09 10:18:44.676  INFO 8968 --- [restartedMain] com.zaxxer.hikari.HikariDataSource       : HikariPool-1 - Start completed.
2023-03-09 10:18:44.693  INFO 8968 --- [restartedMain] org.hibernate.dialect.Dialect            : HHH000400: Using dialect: org.hibernate.dialect.PostgreSQLDialect
2023-03-09 10:18:45.613  INFO 8968 --- [restartedMain] o.h.e.t.j.p.i.JtaPlatformInitiator       : HHH000490: Using JtaPlatform implementation: [org.hibernate.engine.transaction.jta.platform.internal.NoJtaPlatform]
2023-03-09 10:18:45.623  INFO 8968 --- [restartedMain] j.LocalContainerEntityManagerFactoryBean : Initialized JPA EntityManagerFactory for persistence unit 'default'
2023-03-09 10:18:46.326  WARN 8968 --- [restartedMain] JpaBaseConfiguration$JpaWebConfiguration : spring.jpa.open-in-view is enabled by default. Therefore, database queries may be performed during view rendering. Explicitly configure spring.jpa.open-in-view to disable this warning
2023-03-09 10:18:46.519  INFO 8968 --- [restartedMain] pertySourcedRequestMappingHandlerMapping : Mapped URL path [/v2/api-docs] onto method [springfox.documentation.swagger2.web.Swagger2Controller#getDocumentation(String, HttpServletRequest)]
2023-03-09 10:18:46.826  INFO 8968 --- [restartedMain] o.s.b.d.a.OptionalLiveReloadServer       : LiveReload server is running on port 35729
2023-03-09 10:18:47.049  INFO 8968 --- [restartedMain] o.s.b.w.embedded.tomcat.TomcatWebServer  : Tomcat started on port(s): 8081 (http) with context path ''
2023-03-09 10:18:47.050  INFO 8968 --- [restartedMain] d.s.w.p.DocumentationPluginsBootstrapper : Context refreshed
2023-03-09 10:18:47.075  INFO 8968 --- [restartedMain] d.s.w.p.DocumentationPluginsBootstrapper : Found 1 custom documentation plugin(s)
2023-03-09 10:18:47.105  INFO 8968 --- [restartedMain] s.d.s.w.s.ApiListingReferenceScanner     : Scanning for api listing references
2023-03-09 10:18:47.307  INFO 8968 --- [restartedMain] com.capg.campsite.CampsiteApplication    : Started CampsiteApplication in 6.088 seconds (JVM running for 6.764)
2023-03-09 10:20:49.857  INFO 14044 --- [restartedMain] com.capg.campsite.CampsiteApplication    : Starting CampsiteApplication using Java 17.0.5 on INLEN8520075776 with PID 14044 (C:\Users\REVARSHI\Downloads\12345\Campsite\target\classes started by revarshi in C:\Users\REVARSHI\Downloads\12345\Campsite)
2023-03-09 10:20:49.859  INFO 14044 --- [restartedMain] com.capg.campsite.CampsiteApplication    : No active profile set, falling back to 1 default profile: "default"
2023-03-09 10:20:49.931  INFO 14044 --- [restartedMain] .e.DevToolsPropertyDefaultsPostProcessor : Devtools property defaults active! Set 'spring.devtools.add-properties' to 'false' to disable
2023-03-09 10:20:49.931  INFO 14044 --- [restartedMain] .e.DevToolsPropertyDefaultsPostProcessor : For additional web related logging consider setting the 'logging.level.web' property to 'DEBUG'
2023-03-09 10:20:50.909  INFO 14044 --- [restartedMain] .s.d.r.c.RepositoryConfigurationDelegate : Bootstrapping Spring Data JPA repositories in DEFAULT mode.
2023-03-09 10:20:50.995  INFO 14044 --- [restartedMain] .s.d.r.c.RepositoryConfigurationDelegate : Finished Spring Data repository scanning in 71 ms. Found 3 JPA repository interfaces.
2023-03-09 10:20:51.972  INFO 14044 --- [restartedMain] o.s.b.w.embedded.tomcat.TomcatWebServer  : Tomcat initialized with port(s): 8081 (http)
2023-03-09 10:20:51.989  INFO 14044 --- [restartedMain] o.apache.catalina.core.StandardService   : Starting service [Tomcat]
2023-03-09 10:20:51.989  INFO 14044 --- [restartedMain] org.apache.catalina.core.StandardEngine  : Starting Servlet engine: [Apache Tomcat/9.0.68]
2023-03-09 10:20:52.112  INFO 14044 --- [restartedMain] o.a.c.c.C.[Tomcat].[localhost].[/]       : Initializing Spring embedded WebApplicationContext
2023-03-09 10:20:52.113  INFO 14044 --- [restartedMain] w.s.c.ServletWebServerApplicationContext : Root WebApplicationContext: initialization completed in 2179 ms
2023-03-09 10:20:52.297  INFO 14044 --- [restartedMain] o.hibernate.jpa.internal.util.LogHelper  : HHH000204: Processing PersistenceUnitInfo [name: default]
2023-03-09 10:20:52.373  INFO 14044 --- [restartedMain] org.hibernate.Version                    : HHH000412: Hibernate ORM core version 5.6.12.Final
2023-03-09 10:20:52.608  INFO 14044 --- [restartedMain] o.hibernate.annotations.common.Version   : HCANN000001: Hibernate Commons Annotations {5.1.2.Final}
2023-03-09 10:20:52.716  INFO 14044 --- [restartedMain] com.zaxxer.hikari.HikariDataSource       : HikariPool-1 - Starting...
2023-03-09 10:20:52.888  INFO 14044 --- [restartedMain] com.zaxxer.hikari.HikariDataSource       : HikariPool-1 - Start completed.
2023-03-09 10:20:52.908  INFO 14044 --- [restartedMain] org.hibernate.dialect.Dialect            : HHH000400: Using dialect: org.hibernate.dialect.PostgreSQLDialect
2023-03-09 10:20:53.872  INFO 14044 --- [restartedMain] o.h.e.t.j.p.i.JtaPlatformInitiator       : HHH000490: Using JtaPlatform implementation: [org.hibernate.engine.transaction.jta.platform.internal.NoJtaPlatform]
2023-03-09 10:20:53.886  INFO 14044 --- [restartedMain] j.LocalContainerEntityManagerFactoryBean : Initialized JPA EntityManagerFactory for persistence unit 'default'
2023-03-09 10:20:54.625  WARN 14044 --- [restartedMain] JpaBaseConfiguration$JpaWebConfiguration : spring.jpa.open-in-view is enabled by default. Therefore, database queries may be performed during view rendering. Explicitly configure spring.jpa.open-in-view to disable this warning
2023-03-09 10:20:54.806  INFO 14044 --- [restartedMain] pertySourcedRequestMappingHandlerMapping : Mapped URL path [/v2/api-docs] onto method [springfox.documentation.swagger2.web.Swagger2Controller#getDocumentation(String, HttpServletRequest)]
2023-03-09 10:20:54.959  INFO 14044 --- [restartedMain] o.s.b.d.a.OptionalLiveReloadServer       : LiveReload server is running on port 35729
2023-03-09 10:20:55.187  INFO 14044 --- [restartedMain] o.s.b.w.embedded.tomcat.TomcatWebServer  : Tomcat started on port(s): 8081 (http) with context path ''
2023-03-09 10:20:55.188  INFO 14044 --- [restartedMain] d.s.w.p.DocumentationPluginsBootstrapper : Context refreshed
2023-03-09 10:20:55.213  INFO 14044 --- [restartedMain] d.s.w.p.DocumentationPluginsBootstrapper : Found 1 custom documentation plugin(s)
2023-03-09 10:20:55.244  INFO 14044 --- [restartedMain] s.d.s.w.s.ApiListingReferenceScanner     : Scanning for api listing references
2023-03-09 10:20:55.477  INFO 14044 --- [restartedMain] com.capg.campsite.CampsiteApplication    : Started CampsiteApplication in 6.104 seconds (JVM running for 6.832)
2023-03-09 10:46:22.539  INFO 20260 --- [restartedMain] com.capg.campsite.CampsiteApplication    : Starting CampsiteApplication using Java 17.0.5 on INLEN8520075776 with PID 20260 (C:\Users\REVARSHI\Downloads\12345\Campsite\target\classes started by revarshi in C:\Users\REVARSHI\Downloads\12345\Campsite)
2023-03-09 10:46:22.541  INFO 20260 --- [restartedMain] com.capg.campsite.CampsiteApplication    : No active profile set, falling back to 1 default profile: "default"
2023-03-09 10:46:22.603  INFO 20260 --- [restartedMain] .e.DevToolsPropertyDefaultsPostProcessor : Devtools property defaults active! Set 'spring.devtools.add-properties' to 'false' to disable
2023-03-09 10:46:22.603  INFO 20260 --- [restartedMain] .e.DevToolsPropertyDefaultsPostProcessor : For additional web related logging consider setting the 'logging.level.web' property to 'DEBUG'
2023-03-09 10:46:23.426  INFO 20260 --- [restartedMain] .s.d.r.c.RepositoryConfigurationDelegate : Bootstrapping Spring Data JPA repositories in DEFAULT mode.
2023-03-09 10:46:23.496  INFO 20260 --- [restartedMain] .s.d.r.c.RepositoryConfigurationDelegate : Finished Spring Data repository scanning in 55 ms. Found 3 JPA repository interfaces.
2023-03-09 10:46:24.305  INFO 20260 --- [restartedMain] o.s.b.w.embedded.tomcat.TomcatWebServer  : Tomcat initialized with port(s): 8081 (http)
2023-03-09 10:46:24.318  INFO 20260 --- [restartedMain] o.apache.catalina.core.StandardService   : Starting service [Tomcat]
2023-03-09 10:46:24.319  INFO 20260 --- [restartedMain] org.apache.catalina.core.StandardEngine  : Starting Servlet engine: [Apache Tomcat/9.0.68]
2023-03-09 10:46:24.424  INFO 20260 --- [restartedMain] o.a.c.c.C.[Tomcat].[localhost].[/]       : Initializing Spring embedded WebApplicationContext
2023-03-09 10:46:24.425  INFO 20260 --- [restartedMain] w.s.c.ServletWebServerApplicationContext : Root WebApplicationContext: initialization completed in 1822 ms
2023-03-09 10:46:24.621  INFO 20260 --- [restartedMain] o.hibernate.jpa.internal.util.LogHelper  : HHH000204: Processing PersistenceUnitInfo [name: default]
2023-03-09 10:46:24.715  INFO 20260 --- [restartedMain] org.hibernate.Version                    : HHH000412: Hibernate ORM core version 5.6.12.Final
2023-03-09 10:46:24.966  INFO 20260 --- [restartedMain] o.hibernate.annotations.common.Version   : HCANN000001: Hibernate Commons Annotations {5.1.2.Final}
2023-03-09 10:46:25.071  INFO 20260 --- [restartedMain] com.zaxxer.hikari.HikariDataSource       : HikariPool-1 - Starting...
2023-03-09 10:46:25.215  INFO 20260 --- [restartedMain] com.zaxxer.hikari.HikariDataSource       : HikariPool-1 - Start completed.
2023-03-09 10:46:25.243  INFO 20260 --- [restartedMain] org.hibernate.dialect.Dialect            : HHH000400: Using dialect: org.hibernate.dialect.PostgreSQLDialect
2023-03-09 10:46:26.192  INFO 20260 --- [restartedMain] o.h.e.t.j.p.i.JtaPlatformInitiator       : HHH000490: Using JtaPlatform implementation: [org.hibernate.engine.transaction.jta.platform.internal.NoJtaPlatform]
2023-03-09 10:46:26.203  INFO 20260 --- [restartedMain] j.LocalContainerEntityManagerFactoryBean : Initialized JPA EntityManagerFactory for persistence unit 'default'
2023-03-09 10:46:27.406  WARN 20260 --- [restartedMain] JpaBaseConfiguration$JpaWebConfiguration : spring.jpa.open-in-view is enabled by default. Therefore, database queries may be performed during view rendering. Explicitly configure spring.jpa.open-in-view to disable this warning
2023-03-09 10:46:27.612  INFO 20260 --- [restartedMain] pertySourcedRequestMappingHandlerMapping : Mapped URL path [/v2/api-docs] onto method [springfox.documentation.swagger2.web.Swagger2Controller#getDocumentation(String, HttpServletRequest)]
2023-03-09 10:46:27.809  INFO 20260 --- [restartedMain] o.s.b.d.a.OptionalLiveReloadServer       : LiveReload server is running on port 35729
2023-03-09 10:46:28.063  INFO 20260 --- [restartedMain] o.s.b.w.embedded.tomcat.TomcatWebServer  : Tomcat started on port(s): 8081 (http) with context path ''
2023-03-09 10:46:28.065  INFO 20260 --- [restartedMain] d.s.w.p.DocumentationPluginsBootstrapper : Context refreshed
2023-03-09 10:46:28.104  INFO 20260 --- [restartedMain] d.s.w.p.DocumentationPluginsBootstrapper : Found 1 custom documentation plugin(s)
2023-03-09 10:46:28.138  INFO 20260 --- [restartedMain] s.d.s.w.s.ApiListingReferenceScanner     : Scanning for api listing references
2023-03-09 10:46:28.322  INFO 20260 --- [restartedMain] com.capg.campsite.CampsiteApplication    : Started CampsiteApplication in 6.16 seconds (JVM running for 6.78)
2023-03-09 10:46:36.226  INFO 20260 --- [http-nio-8081-exec-1] o.a.c.c.C.[Tomcat].[localhost].[/]       : Initializing Spring DispatcherServlet 'dispatcherServlet'
2023-03-09 10:46:36.227  INFO 20260 --- [http-nio-8081-exec-1] o.s.web.servlet.DispatcherServlet        : Initializing Servlet 'dispatcherServlet'
2023-03-09 10:46:36.228  INFO 20260 --- [http-nio-8081-exec-1] o.s.web.servlet.DispatcherServlet        : Completed initialization in 1 ms
2023-03-09 10:47:45.531  INFO 20260 --- [http-nio-8081-exec-9] c.capg.campsite.service.UserServiceImpl  : add user
2023-03-09 15:07:21.307  INFO 2240 --- [restartedMain] com.capg.campsite.CampsiteApplication    : Starting CampsiteApplication using Java 17.0.5 on INLEN8520075776 with PID 2240 (C:\Users\REVARSHI\Downloads\12345\Campsite\target\classes started by revarshi in C:\Users\REVARSHI\Downloads\12345\Campsite)
2023-03-09 15:07:21.315  INFO 2240 --- [restartedMain] com.capg.campsite.CampsiteApplication    : No active profile set, falling back to 1 default profile: "default"
2023-03-09 15:07:21.390  INFO 2240 --- [restartedMain] .e.DevToolsPropertyDefaultsPostProcessor : Devtools property defaults active! Set 'spring.devtools.add-properties' to 'false' to disable
2023-03-09 15:07:21.391  INFO 2240 --- [restartedMain] .e.DevToolsPropertyDefaultsPostProcessor : For additional web related logging consider setting the 'logging.level.web' property to 'DEBUG'
2023-03-09 15:07:22.546  INFO 2240 --- [restartedMain] .s.d.r.c.RepositoryConfigurationDelegate : Bootstrapping Spring Data JPA repositories in DEFAULT mode.
2023-03-09 15:07:22.638  INFO 2240 --- [restartedMain] .s.d.r.c.RepositoryConfigurationDelegate : Finished Spring Data repository scanning in 74 ms. Found 3 JPA repository interfaces.
2023-03-09 15:07:23.676  INFO 2240 --- [restartedMain] o.s.b.w.embedded.tomcat.TomcatWebServer  : Tomcat initialized with port(s): 8081 (http)
2023-03-09 15:07:23.694  INFO 2240 --- [restartedMain] o.apache.catalina.core.StandardService   : Starting service [Tomcat]
2023-03-09 15:07:23.695  INFO 2240 --- [restartedMain] org.apache.catalina.core.StandardEngine  : Starting Servlet engine: [Apache Tomcat/9.0.68]
2023-03-09 15:07:23.831  INFO 2240 --- [restartedMain] o.a.c.c.C.[Tomcat].[localhost].[/]       : Initializing Spring embedded WebApplicationContext
2023-03-09 15:07:23.832  INFO 2240 --- [restartedMain] w.s.c.ServletWebServerApplicationContext : Root WebApplicationContext: initialization completed in 2440 ms
2023-03-09 15:07:24.054  INFO 2240 --- [restartedMain] o.hibernate.jpa.internal.util.LogHelper  : HHH000204: Processing PersistenceUnitInfo [name: default]
2023-03-09 15:07:24.177  INFO 2240 --- [restartedMain] org.hibernate.Version                    : HHH000412: Hibernate ORM core version 5.6.12.Final
2023-03-09 15:07:24.440  INFO 2240 --- [restartedMain] o.hibernate.annotations.common.Version   : HCANN000001: Hibernate Commons Annotations {5.1.2.Final}
2023-03-09 15:07:24.566  INFO 2240 --- [restartedMain] com.zaxxer.hikari.HikariDataSource       : HikariPool-1 - Starting...
2023-03-09 15:07:24.925  INFO 2240 --- [restartedMain] com.zaxxer.hikari.HikariDataSource       : HikariPool-1 - Start completed.
2023-03-09 15:07:24.954  INFO 2240 --- [restartedMain] org.hibernate.dialect.Dialect            : HHH000400: Using dialect: org.hibernate.dialect.PostgreSQLDialect
2023-03-09 15:07:25.895  INFO 2240 --- [restartedMain] o.h.e.t.j.p.i.JtaPlatformInitiator       : HHH000490: Using JtaPlatform implementation: [org.hibernate.engine.transaction.jta.platform.internal.NoJtaPlatform]
2023-03-09 15:07:25.905  INFO 2240 --- [restartedMain] j.LocalContainerEntityManagerFactoryBean : Initialized JPA EntityManagerFactory for persistence unit 'default'
2023-03-09 15:07:26.754  WARN 2240 --- [restartedMain] JpaBaseConfiguration$JpaWebConfiguration : spring.jpa.open-in-view is enabled by default. Therefore, database queries may be performed during view rendering. Explicitly configure spring.jpa.open-in-view to disable this warning
2023-03-09 15:07:26.952  INFO 2240 --- [restartedMain] pertySourcedRequestMappingHandlerMapping : Mapped URL path [/v2/api-docs] onto method [springfox.documentation.swagger2.web.Swagger2Controller#getDocumentation(String, HttpServletRequest)]
2023-03-09 15:07:27.162  INFO 2240 --- [restartedMain] o.s.b.d.a.OptionalLiveReloadServer       : LiveReload server is running on port 35729
2023-03-09 15:07:27.417  INFO 2240 --- [restartedMain] o.s.b.w.embedded.tomcat.TomcatWebServer  : Tomcat started on port(s): 8081 (http) with context path ''
2023-03-09 15:07:27.420  INFO 2240 --- [restartedMain] d.s.w.p.DocumentationPluginsBootstrapper : Context refreshed
2023-03-09 15:07:27.447  INFO 2240 --- [restartedMain] d.s.w.p.DocumentationPluginsBootstrapper : Found 1 custom documentation plugin(s)
2023-03-09 15:07:27.483  INFO 2240 --- [restartedMain] s.d.s.w.s.ApiListingReferenceScanner     : Scanning for api listing references
2023-03-09 15:07:27.744  INFO 2240 --- [restartedMain] com.capg.campsite.CampsiteApplication    : Started CampsiteApplication in 6.993 seconds (JVM running for 7.688)
2023-03-09 15:07:46.045  INFO 2240 --- [http-nio-8081-exec-1] o.a.c.c.C.[Tomcat].[localhost].[/]       : Initializing Spring DispatcherServlet 'dispatcherServlet'
2023-03-09 15:07:46.045  INFO 2240 --- [http-nio-8081-exec-1] o.s.web.servlet.DispatcherServlet        : Initializing Servlet 'dispatcherServlet'
2023-03-09 15:07:46.047  INFO 2240 --- [http-nio-8081-exec-1] o.s.web.servlet.DispatcherServlet        : Completed initialization in 2 ms
2023-03-09 15:08:24.627  INFO 2240 --- [http-nio-8081-exec-3] c.capg.campsite.service.UserServiceImpl  : get all users
2023-03-09 15:33:20.068  INFO 1524 --- [restartedMain] com.capg.campsite.CampsiteApplication    : Starting CampsiteApplication using Java 17.0.5 on INLEN8520075776 with PID 1524 (C:\Users\REVARSHI\Downloads\12345\Campsite\target\classes started by revarshi in C:\Users\REVARSHI\Downloads\12345\Campsite)
2023-03-09 15:33:20.072  INFO 1524 --- [restartedMain] com.capg.campsite.CampsiteApplication    : No active profile set, falling back to 1 default profile: "default"
2023-03-09 15:33:20.166  INFO 1524 --- [restartedMain] .e.DevToolsPropertyDefaultsPostProcessor : Devtools property defaults active! Set 'spring.devtools.add-properties' to 'false' to disable
2023-03-09 15:33:20.166  INFO 1524 --- [restartedMain] .e.DevToolsPropertyDefaultsPostProcessor : For additional web related logging consider setting the 'logging.level.web' property to 'DEBUG'
2023-03-09 15:33:21.272  INFO 1524 --- [restartedMain] .s.d.r.c.RepositoryConfigurationDelegate : Bootstrapping Spring Data JPA repositories in DEFAULT mode.
2023-03-09 15:33:21.364  INFO 1524 --- [restartedMain] .s.d.r.c.RepositoryConfigurationDelegate : Finished Spring Data repository scanning in 79 ms. Found 3 JPA repository interfaces.
2023-03-09 15:33:22.377  INFO 1524 --- [restartedMain] o.s.b.w.embedded.tomcat.TomcatWebServer  : Tomcat initialized with port(s): 8081 (http)
2023-03-09 15:33:22.394  INFO 1524 --- [restartedMain] o.apache.catalina.core.StandardService   : Starting service [Tomcat]
2023-03-09 15:33:22.395  INFO 1524 --- [restartedMain] org.apache.catalina.core.StandardEngine  : Starting Servlet engine: [Apache Tomcat/9.0.68]
2023-03-09 15:33:22.519  INFO 1524 --- [restartedMain] o.a.c.c.C.[Tomcat].[localhost].[/]       : Initializing Spring embedded WebApplicationContext
2023-03-09 15:33:22.520  INFO 1524 --- [restartedMain] w.s.c.ServletWebServerApplicationContext : Root WebApplicationContext: initialization completed in 2352 ms
2023-03-09 15:33:22.750  INFO 1524 --- [restartedMain] o.hibernate.jpa.internal.util.LogHelper  : HHH000204: Processing PersistenceUnitInfo [name: default]
2023-03-09 15:33:22.851  INFO 1524 --- [restartedMain] org.hibernate.Version                    : HHH000412: Hibernate ORM core version 5.6.12.Final
2023-03-09 15:33:23.106  INFO 1524 --- [restartedMain] o.hibernate.annotations.common.Version   : HCANN000001: Hibernate Commons Annotations {5.1.2.Final}
2023-03-09 15:33:23.252  INFO 1524 --- [restartedMain] com.zaxxer.hikari.HikariDataSource       : HikariPool-1 - Starting...
2023-03-09 15:33:23.417  INFO 1524 --- [restartedMain] com.zaxxer.hikari.HikariDataSource       : HikariPool-1 - Start completed.
2023-03-09 15:33:23.449  INFO 1524 --- [restartedMain] org.hibernate.dialect.Dialect            : HHH000400: Using dialect: org.hibernate.dialect.PostgreSQLDialect
2023-03-09 15:33:24.482  INFO 1524 --- [restartedMain] o.h.e.t.j.p.i.JtaPlatformInitiator       : HHH000490: Using JtaPlatform implementation: [org.hibernate.engine.transaction.jta.platform.internal.NoJtaPlatform]
2023-03-09 15:33:24.491  INFO 1524 --- [restartedMain] j.LocalContainerEntityManagerFactoryBean : Initialized JPA EntityManagerFactory for persistence unit 'default'
2023-03-09 15:33:25.291  WARN 1524 --- [restartedMain] JpaBaseConfiguration$JpaWebConfiguration : spring.jpa.open-in-view is enabled by default. Therefore, database queries may be performed during view rendering. Explicitly configure spring.jpa.open-in-view to disable this warning
2023-03-09 15:33:25.493  INFO 1524 --- [restartedMain] pertySourcedRequestMappingHandlerMapping : Mapped URL path [/v2/api-docs] onto method [springfox.documentation.swagger2.web.Swagger2Controller#getDocumentation(String, HttpServletRequest)]
2023-03-09 15:33:25.700  INFO 1524 --- [restartedMain] o.s.b.d.a.OptionalLiveReloadServer       : LiveReload server is running on port 35729
2023-03-09 15:33:25.949  INFO 1524 --- [restartedMain] o.s.b.w.embedded.tomcat.TomcatWebServer  : Tomcat started on port(s): 8081 (http) with context path ''
2023-03-09 15:33:25.951  INFO 1524 --- [restartedMain] d.s.w.p.DocumentationPluginsBootstrapper : Context refreshed
2023-03-09 15:33:25.971  INFO 1524 --- [restartedMain] d.s.w.p.DocumentationPluginsBootstrapper : Found 1 custom documentation plugin(s)
2023-03-09 15:33:26.031  INFO 1524 --- [restartedMain] s.d.s.w.s.ApiListingReferenceScanner     : Scanning for api listing references
2023-03-09 15:33:26.267  INFO 1524 --- [restartedMain] com.capg.campsite.CampsiteApplication    : Started CampsiteApplication in 6.721 seconds (JVM running for 7.538)
2023-03-09 15:33:36.695  INFO 1524 --- [http-nio-8081-exec-1] o.a.c.c.C.[Tomcat].[localhost].[/]       : Initializing Spring DispatcherServlet 'dispatcherServlet'
2023-03-09 15:33:36.695  INFO 1524 --- [http-nio-8081-exec-1] o.s.web.servlet.DispatcherServlet        : Initializing Servlet 'dispatcherServlet'
2023-03-09 15:33:36.698  INFO 1524 --- [http-nio-8081-exec-1] o.s.web.servlet.DispatcherServlet        : Completed initialization in 2 ms
2023-03-09 15:35:58.691  INFO 1524 --- [http-nio-8081-exec-8] c.capg.campsite.service.UserServiceImpl  : add user
2023-03-09 17:25:15.219  INFO 14396 --- [restartedMain] com.capg.campsite.CampsiteApplication    : Starting CampsiteApplication using Java 17.0.5 on INLEN8520075776 with PID 14396 (C:\Users\REVARSHI\Downloads\12345\Campsite\target\classes started by revarshi in C:\Users\REVARSHI\Downloads\12345\Campsite)
2023-03-09 17:25:15.221  INFO 14396 --- [restartedMain] com.capg.campsite.CampsiteApplication    : No active profile set, falling back to 1 default profile: "default"
2023-03-09 17:25:15.275  INFO 14396 --- [restartedMain] .e.DevToolsPropertyDefaultsPostProcessor : Devtools property defaults active! Set 'spring.devtools.add-properties' to 'false' to disable
2023-03-09 17:25:15.275  INFO 14396 --- [restartedMain] .e.DevToolsPropertyDefaultsPostProcessor : For additional web related logging consider setting the 'logging.level.web' property to 'DEBUG'
2023-03-09 17:25:16.094  INFO 14396 --- [restartedMain] .s.d.r.c.RepositoryConfigurationDelegate : Bootstrapping Spring Data JPA repositories in DEFAULT mode.
2023-03-09 17:25:16.155  INFO 14396 --- [restartedMain] .s.d.r.c.RepositoryConfigurationDelegate : Finished Spring Data repository scanning in 50 ms. Found 3 JPA repository interfaces.
2023-03-09 17:25:16.921  INFO 14396 --- [restartedMain] o.s.b.w.embedded.tomcat.TomcatWebServer  : Tomcat initialized with port(s): 8081 (http)
2023-03-09 17:25:16.935  INFO 14396 --- [restartedMain] o.apache.catalina.core.StandardService   : Starting service [Tomcat]
2023-03-09 17:25:16.936  INFO 14396 --- [restartedMain] org.apache.catalina.core.StandardEngine  : Starting Servlet engine: [Apache Tomcat/9.0.68]
2023-03-09 17:25:17.021  INFO 14396 --- [restartedMain] o.a.c.c.C.[Tomcat].[localhost].[/]       : Initializing Spring embedded WebApplicationContext
2023-03-09 17:25:17.021  INFO 14396 --- [restartedMain] w.s.c.ServletWebServerApplicationContext : Root WebApplicationContext: initialization completed in 1745 ms
2023-03-09 17:25:17.182  INFO 14396 --- [restartedMain] o.hibernate.jpa.internal.util.LogHelper  : HHH000204: Processing PersistenceUnitInfo [name: default]
2023-03-09 17:25:17.279  INFO 14396 --- [restartedMain] org.hibernate.Version                    : HHH000412: Hibernate ORM core version 5.6.12.Final
2023-03-09 17:25:17.450  INFO 14396 --- [restartedMain] o.hibernate.annotations.common.Version   : HCANN000001: Hibernate Commons Annotations {5.1.2.Final}
2023-03-09 17:25:17.553  INFO 14396 --- [restartedMain] com.zaxxer.hikari.HikariDataSource       : HikariPool-1 - Starting...
2023-03-09 17:25:17.678  INFO 14396 --- [restartedMain] com.zaxxer.hikari.HikariDataSource       : HikariPool-1 - Start completed.
2023-03-09 17:25:17.696  INFO 14396 --- [restartedMain] org.hibernate.dialect.Dialect            : HHH000400: Using dialect: org.hibernate.dialect.PostgreSQLDialect
2023-03-09 17:25:18.412  INFO 14396 --- [restartedMain] o.h.e.t.j.p.i.JtaPlatformInitiator       : HHH000490: Using JtaPlatform implementation: [org.hibernate.engine.transaction.jta.platform.internal.NoJtaPlatform]
2023-03-09 17:25:18.420  INFO 14396 --- [restartedMain] j.LocalContainerEntityManagerFactoryBean : Initialized JPA EntityManagerFactory for persistence unit 'default'
2023-03-09 17:25:19.038  WARN 14396 --- [restartedMain] JpaBaseConfiguration$JpaWebConfiguration : spring.jpa.open-in-view is enabled by default. Therefore, database queries may be performed during view rendering. Explicitly configure spring.jpa.open-in-view to disable this warning
2023-03-09 17:25:19.187  INFO 14396 --- [restartedMain] pertySourcedRequestMappingHandlerMapping : Mapped URL path [/v2/api-docs] onto method [springfox.documentation.swagger2.web.Swagger2Controller#getDocumentation(String, HttpServletRequest)]
2023-03-09 17:25:19.331  INFO 14396 --- [restartedMain] o.s.b.d.a.OptionalLiveReloadServer       : LiveReload server is running on port 35729
2023-03-09 17:25:19.520  INFO 14396 --- [restartedMain] o.s.b.w.embedded.tomcat.TomcatWebServer  : Tomcat started on port(s): 8081 (http) with context path ''
2023-03-09 17:25:19.522  INFO 14396 --- [restartedMain] d.s.w.p.DocumentationPluginsBootstrapper : Context refreshed
2023-03-09 17:25:19.547  INFO 14396 --- [restartedMain] d.s.w.p.DocumentationPluginsBootstrapper : Found 1 custom documentation plugin(s)
2023-03-09 17:25:19.573  INFO 14396 --- [restartedMain] s.d.s.w.s.ApiListingReferenceScanner     : Scanning for api listing references
2023-03-09 17:25:19.742  INFO 14396 --- [restartedMain] com.capg.campsite.CampsiteApplication    : Started CampsiteApplication in 4.907 seconds (JVM running for 5.4)
2023-03-09 17:32:54.327  INFO 14396 --- [http-nio-8081-exec-1] o.a.c.c.C.[Tomcat].[localhost].[/]       : Initializing Spring DispatcherServlet 'dispatcherServlet'
2023-03-09 17:32:54.328  INFO 14396 --- [http-nio-8081-exec-1] o.s.web.servlet.DispatcherServlet        : Initializing Servlet 'dispatcherServlet'
2023-03-09 17:32:54.329  INFO 14396 --- [http-nio-8081-exec-1] o.s.web.servlet.DispatcherServlet        : Completed initialization in 1 ms
2023-03-09 17:32:54.475  INFO 14396 --- [http-nio-8081-exec-1] c.c.c.service.CampsiteServiceImpl        : get campsite details
2023-03-09 17:33:13.943  INFO 14396 --- [http-nio-8081-exec-2] c.c.c.service.CampsiteServiceImpl        : add campsite
2023-03-09 17:34:41.952  INFO 14396 --- [http-nio-8081-exec-4] c.c.c.service.CampsiteServiceImpl        : get campsite
2023-03-09 17:37:05.611  INFO 14396 --- [http-nio-8081-exec-6] c.c.c.service.CampsiteServiceImpl        : update campsite
2023-03-09 17:39:46.612  INFO 14396 --- [http-nio-8081-exec-8] c.c.campsite.service.BookingServiceImpl  : add booking
2023-03-09 17:41:16.349  INFO 9520 --- [restartedMain] com.capg.campsite.CampsiteApplication    : Starting CampsiteApplication using Java 17.0.5 on INLEN8520075776 with PID 9520 (C:\Users\REVARSHI\Downloads\12345\Campsite\target\classes started by revarshi in C:\Users\REVARSHI\Downloads\12345\Campsite)
2023-03-09 17:41:16.351  INFO 9520 --- [restartedMain] com.capg.campsite.CampsiteApplication    : No active profile set, falling back to 1 default profile: "default"
2023-03-09 17:41:16.401  INFO 9520 --- [restartedMain] .e.DevToolsPropertyDefaultsPostProcessor : Devtools property defaults active! Set 'spring.devtools.add-properties' to 'false' to disable
2023-03-09 17:41:16.401  INFO 9520 --- [restartedMain] .e.DevToolsPropertyDefaultsPostProcessor : For additional web related logging consider setting the 'logging.level.web' property to 'DEBUG'
2023-03-09 17:41:17.137  INFO 9520 --- [restartedMain] .s.d.r.c.RepositoryConfigurationDelegate : Bootstrapping Spring Data JPA repositories in DEFAULT mode.
2023-03-09 17:41:17.191  INFO 9520 --- [restartedMain] .s.d.r.c.RepositoryConfigurationDelegate : Finished Spring Data repository scanning in 45 ms. Found 3 JPA repository interfaces.
2023-03-09 17:41:17.932  INFO 9520 --- [restartedMain] o.s.b.w.embedded.tomcat.TomcatWebServer  : Tomcat initialized with port(s): 8081 (http)
2023-03-09 17:41:17.944  INFO 9520 --- [restartedMain] o.apache.catalina.core.StandardService   : Starting service [Tomcat]
2023-03-09 17:41:17.945  INFO 9520 --- [restartedMain] org.apache.catalina.core.StandardEngine  : Starting Servlet engine: [Apache Tomcat/9.0.68]
2023-03-09 17:41:18.034  INFO 9520 --- [restartedMain] o.a.c.c.C.[Tomcat].[localhost].[/]       : Initializing Spring embedded WebApplicationContext
2023-03-09 17:41:18.034  INFO 9520 --- [restartedMain] w.s.c.ServletWebServerApplicationContext : Root WebApplicationContext: initialization completed in 1632 ms
2023-03-09 17:41:18.174  INFO 9520 --- [restartedMain] o.hibernate.jpa.internal.util.LogHelper  : HHH000204: Processing PersistenceUnitInfo [name: default]
2023-03-09 17:41:18.222  INFO 9520 --- [restartedMain] org.hibernate.Version                    : HHH000412: Hibernate ORM core version 5.6.12.Final
2023-03-09 17:41:18.365  INFO 9520 --- [restartedMain] o.hibernate.annotations.common.Version   : HCANN000001: Hibernate Commons Annotations {5.1.2.Final}
2023-03-09 17:41:18.441  INFO 9520 --- [restartedMain] com.zaxxer.hikari.HikariDataSource       : HikariPool-1 - Starting...
2023-03-09 17:41:18.554  INFO 9520 --- [restartedMain] com.zaxxer.hikari.HikariDataSource       : HikariPool-1 - Start completed.
2023-03-09 17:41:18.567  INFO 9520 --- [restartedMain] org.hibernate.dialect.Dialect            : HHH000400: Using dialect: org.hibernate.dialect.PostgreSQLDialect
2023-03-09 17:41:19.210  INFO 9520 --- [restartedMain] o.h.e.t.j.p.i.JtaPlatformInitiator       : HHH000490: Using JtaPlatform implementation: [org.hibernate.engine.transaction.jta.platform.internal.NoJtaPlatform]
2023-03-09 17:41:19.217  INFO 9520 --- [restartedMain] j.LocalContainerEntityManagerFactoryBean : Initialized JPA EntityManagerFactory for persistence unit 'default'
2023-03-09 17:41:19.814  WARN 9520 --- [restartedMain] JpaBaseConfiguration$JpaWebConfiguration : spring.jpa.open-in-view is enabled by default. Therefore, database queries may be performed during view rendering. Explicitly configure spring.jpa.open-in-view to disable this warning
2023-03-09 17:41:19.956  INFO 9520 --- [restartedMain] pertySourcedRequestMappingHandlerMapping : Mapped URL path [/v2/api-docs] onto method [springfox.documentation.swagger2.web.Swagger2Controller#getDocumentation(String, HttpServletRequest)]
2023-03-09 17:41:20.096  INFO 9520 --- [restartedMain] o.s.b.d.a.OptionalLiveReloadServer       : LiveReload server is running on port 35729
2023-03-09 17:41:20.290  INFO 9520 --- [restartedMain] o.s.b.w.embedded.tomcat.TomcatWebServer  : Tomcat started on port(s): 8081 (http) with context path ''
2023-03-09 17:41:20.291  INFO 9520 --- [restartedMain] d.s.w.p.DocumentationPluginsBootstrapper : Context refreshed
2023-03-09 17:41:20.310  INFO 9520 --- [restartedMain] d.s.w.p.DocumentationPluginsBootstrapper : Found 1 custom documentation plugin(s)
2023-03-09 17:41:20.333  INFO 9520 --- [restartedMain] s.d.s.w.s.ApiListingReferenceScanner     : Scanning for api listing references
2023-03-09 17:41:20.492  INFO 9520 --- [restartedMain] com.capg.campsite.CampsiteApplication    : Started CampsiteApplication in 4.505 seconds (JVM running for 5.011)
2023-03-09 17:41:47.735  INFO 16000 --- [restartedMain] com.capg.campsite.CampsiteApplication    : Starting CampsiteApplication using Java 17.0.5 on INLEN8520075776 with PID 16000 (C:\Users\REVARSHI\Downloads\12345\Campsite\target\classes started by revarshi in C:\Users\REVARSHI\Downloads\12345\Campsite)
2023-03-09 17:41:47.736  INFO 16000 --- [restartedMain] com.capg.campsite.CampsiteApplication    : No active profile set, falling back to 1 default profile: "default"
2023-03-09 17:41:47.783  INFO 16000 --- [restartedMain] .e.DevToolsPropertyDefaultsPostProcessor : Devtools property defaults active! Set 'spring.devtools.add-properties' to 'false' to disable
2023-03-09 17:41:47.783  INFO 16000 --- [restartedMain] .e.DevToolsPropertyDefaultsPostProcessor : For additional web related logging consider setting the 'logging.level.web' property to 'DEBUG'
2023-03-09 17:41:48.592  INFO 16000 --- [restartedMain] .s.d.r.c.RepositoryConfigurationDelegate : Bootstrapping Spring Data JPA repositories in DEFAULT mode.
2023-03-09 17:41:48.664  INFO 16000 --- [restartedMain] .s.d.r.c.RepositoryConfigurationDelegate : Finished Spring Data repository scanning in 58 ms. Found 3 JPA repository interfaces.
2023-03-09 17:41:49.442  INFO 16000 --- [restartedMain] o.s.b.w.embedded.tomcat.TomcatWebServer  : Tomcat initialized with port(s): 8081 (http)
2023-03-09 17:41:49.456  INFO 16000 --- [restartedMain] o.apache.catalina.core.StandardService   : Starting service [Tomcat]
2023-03-09 17:41:49.457  INFO 16000 --- [restartedMain] org.apache.catalina.core.StandardEngine  : Starting Servlet engine: [Apache Tomcat/9.0.68]
2023-03-09 17:41:49.568  INFO 16000 --- [restartedMain] o.a.c.c.C.[Tomcat].[localhost].[/]       : Initializing Spring embedded WebApplicationContext
2023-03-09 17:41:49.570  INFO 16000 --- [restartedMain] w.s.c.ServletWebServerApplicationContext : Root WebApplicationContext: initialization completed in 1786 ms
2023-03-09 17:41:49.768  INFO 16000 --- [restartedMain] o.hibernate.jpa.internal.util.LogHelper  : HHH000204: Processing PersistenceUnitInfo [name: default]
2023-03-09 17:41:49.855  INFO 16000 --- [restartedMain] org.hibernate.Version                    : HHH000412: Hibernate ORM core version 5.6.12.Final
2023-03-09 17:41:50.063  INFO 16000 --- [restartedMain] o.hibernate.annotations.common.Version   : HCANN000001: Hibernate Commons Annotations {5.1.2.Final}
2023-03-09 17:41:50.168  INFO 16000 --- [restartedMain] com.zaxxer.hikari.HikariDataSource       : HikariPool-1 - Starting...
2023-03-09 17:41:50.426  INFO 16000 --- [restartedMain] com.zaxxer.hikari.HikariDataSource       : HikariPool-1 - Start completed.
2023-03-09 17:41:50.440  INFO 16000 --- [restartedMain] org.hibernate.dialect.Dialect            : HHH000400: Using dialect: org.hibernate.dialect.PostgreSQLDialect
2023-03-09 17:41:51.168  INFO 16000 --- [restartedMain] o.h.e.t.j.p.i.JtaPlatformInitiator       : HHH000490: Using JtaPlatform implementation: [org.hibernate.engine.transaction.jta.platform.internal.NoJtaPlatform]
2023-03-09 17:41:51.175  INFO 16000 --- [restartedMain] j.LocalContainerEntityManagerFactoryBean : Initialized JPA EntityManagerFactory for persistence unit 'default'
2023-03-09 17:41:51.865  WARN 16000 --- [restartedMain] JpaBaseConfiguration$JpaWebConfiguration : spring.jpa.open-in-view is enabled by default. Therefore, database queries may be performed during view rendering. Explicitly configure spring.jpa.open-in-view to disable this warning
2023-03-09 17:41:52.043  INFO 16000 --- [restartedMain] pertySourcedRequestMappingHandlerMapping : Mapped URL path [/v2/api-docs] onto method [springfox.documentation.swagger2.web.Swagger2Controller#getDocumentation(String, HttpServletRequest)]
2023-03-09 17:41:52.213  INFO 16000 --- [restartedMain] o.s.b.d.a.OptionalLiveReloadServer       : LiveReload server is running on port 35729
2023-03-09 17:41:52.410  INFO 16000 --- [restartedMain] o.s.b.w.embedded.tomcat.TomcatWebServer  : Tomcat started on port(s): 8081 (http) with context path ''
2023-03-09 17:41:52.412  INFO 16000 --- [restartedMain] d.s.w.p.DocumentationPluginsBootstrapper : Context refreshed
2023-03-09 17:41:52.429  INFO 16000 --- [restartedMain] d.s.w.p.DocumentationPluginsBootstrapper : Found 1 custom documentation plugin(s)
2023-03-09 17:41:52.456  INFO 16000 --- [restartedMain] s.d.s.w.s.ApiListingReferenceScanner     : Scanning for api listing references
2023-03-09 17:41:52.639  INFO 16000 --- [restartedMain] com.capg.campsite.CampsiteApplication    : Started CampsiteApplication in 5.279 seconds (JVM running for 5.809)
2023-03-09 17:42:02.134  INFO 16000 --- [http-nio-8081-exec-1] o.a.c.c.C.[Tomcat].[localhost].[/]       : Initializing Spring DispatcherServlet 'dispatcherServlet'
2023-03-09 17:42:02.134  INFO 16000 --- [http-nio-8081-exec-1] o.s.web.servlet.DispatcherServlet        : Initializing Servlet 'dispatcherServlet'
2023-03-09 17:42:02.135  INFO 16000 --- [http-nio-8081-exec-1] o.s.web.servlet.DispatcherServlet        : Completed initialization in 0 ms
2023-03-09 17:42:49.976  INFO 16000 --- [http-nio-8081-exec-6] c.capg.campsite.service.UserServiceImpl  : add user
2023-03-09 17:43:07.087  INFO 16000 --- [http-nio-8081-exec-7] c.c.c.service.CampsiteServiceImpl        : add campsite
2023-03-09 17:43:43.774  INFO 16000 --- [http-nio-8081-exec-9] c.c.campsite.service.BookingServiceImpl  : add booking
2023-03-09 17:45:53.256  INFO 16000 --- [http-nio-8081-exec-2] c.c.campsite.service.BookingServiceImpl  : update booking
2023-03-09 18:02:53.722  INFO 16000 --- [http-nio-8081-exec-4] c.c.c.service.CampsiteServiceImpl        : update campsite
2023-03-09 22:35:37.150  INFO 1820 --- [restartedMain] com.capg.campsite.CampsiteApplication    : Starting CampsiteApplication using Java 17.0.5 on INLEN8520075776 with PID 1820 (C:\Users\REVARSHI\Downloads\12345\Campsite\target\classes started by revarshi in C:\Users\REVARSHI\Downloads\12345\Campsite)
2023-03-09 22:35:37.153  INFO 1820 --- [restartedMain] com.capg.campsite.CampsiteApplication    : No active profile set, falling back to 1 default profile: "default"
2023-03-09 22:35:37.210  INFO 1820 --- [restartedMain] .e.DevToolsPropertyDefaultsPostProcessor : Devtools property defaults active! Set 'spring.devtools.add-properties' to 'false' to disable
2023-03-09 22:35:37.210  INFO 1820 --- [restartedMain] .e.DevToolsPropertyDefaultsPostProcessor : For additional web related logging consider setting the 'logging.level.web' property to 'DEBUG'
2023-03-09 22:35:37.921  INFO 1820 --- [restartedMain] .s.d.r.c.RepositoryConfigurationDelegate : Bootstrapping Spring Data JPA repositories in DEFAULT mode.
2023-03-09 22:35:37.980  INFO 1820 --- [restartedMain] .s.d.r.c.RepositoryConfigurationDelegate : Finished Spring Data repository scanning in 49 ms. Found 3 JPA repository interfaces.
2023-03-09 22:35:38.678  INFO 1820 --- [restartedMain] o.s.b.w.embedded.tomcat.TomcatWebServer  : Tomcat initialized with port(s): 8081 (http)
2023-03-09 22:35:38.690  INFO 1820 --- [restartedMain] o.apache.catalina.core.StandardService   : Starting service [Tomcat]
2023-03-09 22:35:38.690  INFO 1820 --- [restartedMain] org.apache.catalina.core.StandardEngine  : Starting Servlet engine: [Apache Tomcat/9.0.68]
2023-03-09 22:35:38.768  INFO 1820 --- [restartedMain] o.a.c.c.C.[Tomcat].[localhost].[/]       : Initializing Spring embedded WebApplicationContext
2023-03-09 22:35:38.768  INFO 1820 --- [restartedMain] w.s.c.ServletWebServerApplicationContext : Root WebApplicationContext: initialization completed in 1557 ms
2023-03-09 22:35:38.915  INFO 1820 --- [restartedMain] o.hibernate.jpa.internal.util.LogHelper  : HHH000204: Processing PersistenceUnitInfo [name: default]
2023-03-09 22:35:38.975  INFO 1820 --- [restartedMain] org.hibernate.Version                    : HHH000412: Hibernate ORM core version 5.6.12.Final
2023-03-09 22:35:39.121  INFO 1820 --- [restartedMain] o.hibernate.annotations.common.Version   : HCANN000001: Hibernate Commons Annotations {5.1.2.Final}
2023-03-09 22:35:39.205  INFO 1820 --- [restartedMain] com.zaxxer.hikari.HikariDataSource       : HikariPool-1 - Starting...
2023-03-09 22:35:39.328  INFO 1820 --- [restartedMain] com.zaxxer.hikari.HikariDataSource       : HikariPool-1 - Start completed.
2023-03-09 22:35:39.346  INFO 1820 --- [restartedMain] org.hibernate.dialect.Dialect            : HHH000400: Using dialect: org.hibernate.dialect.PostgreSQLDialect
2023-03-09 22:35:40.022  INFO 1820 --- [restartedMain] o.h.e.t.j.p.i.JtaPlatformInitiator       : HHH000490: Using JtaPlatform implementation: [org.hibernate.engine.transaction.jta.platform.internal.NoJtaPlatform]
2023-03-09 22:35:40.029  INFO 1820 --- [restartedMain] j.LocalContainerEntityManagerFactoryBean : Initialized JPA EntityManagerFactory for persistence unit 'default'
2023-03-09 22:35:40.590  WARN 1820 --- [restartedMain] JpaBaseConfiguration$JpaWebConfiguration : spring.jpa.open-in-view is enabled by default. Therefore, database queries may be performed during view rendering. Explicitly configure spring.jpa.open-in-view to disable this warning
2023-03-09 22:35:40.731  INFO 1820 --- [restartedMain] pertySourcedRequestMappingHandlerMapping : Mapped URL path [/v2/api-docs] onto method [springfox.documentation.swagger2.web.Swagger2Controller#getDocumentation(String, HttpServletRequest)]
2023-03-09 22:35:40.866  INFO 1820 --- [restartedMain] o.s.b.d.a.OptionalLiveReloadServer       : LiveReload server is running on port 35729
2023-03-09 22:35:41.037  INFO 1820 --- [restartedMain] o.s.b.w.embedded.tomcat.TomcatWebServer  : Tomcat started on port(s): 8081 (http) with context path ''
2023-03-09 22:35:41.038  INFO 1820 --- [restartedMain] d.s.w.p.DocumentationPluginsBootstrapper : Context refreshed
2023-03-09 22:35:41.058  INFO 1820 --- [restartedMain] d.s.w.p.DocumentationPluginsBootstrapper : Found 1 custom documentation plugin(s)
2023-03-09 22:35:41.088  INFO 1820 --- [restartedMain] s.d.s.w.s.ApiListingReferenceScanner     : Scanning for api listing references
2023-03-09 22:35:41.249  INFO 1820 --- [restartedMain] com.capg.campsite.CampsiteApplication    : Started CampsiteApplication in 4.538 seconds (JVM running for 5.027)
